[debug] [2024-08-16T06:46:41.891Z] ----------------------------------------------------------------------
[debug] [2024-08-16T06:46:41.894Z] Command:       C:\Program Files\nodejs\node.exe C:\Users\sheno\AppData\Roaming\npm\node_modules\firebase-tools\lib\bin\firebase.js init hosting
[debug] [2024-08-16T06:46:41.895Z] CLI Version:   13.15.2
[debug] [2024-08-16T06:46:41.896Z] Platform:      win32
[debug] [2024-08-16T06:46:41.896Z] Node Version:  v20.9.0
[debug] [2024-08-16T06:46:41.896Z] Time:          Fri Aug 16 2024 12:16:41 GMT+0530 (India Standard Time)
[debug] [2024-08-16T06:46:41.896Z] ----------------------------------------------------------------------
[debug] 
[debug] [2024-08-16T06:46:41.975Z] > command requires scopes: ["email","openid","https://www.googleapis.com/auth/cloudplatformprojects.readonly","https://www.googleapis.com/auth/firebase","https://www.googleapis.com/auth/cloud-platform"]
[debug] [2024-08-16T06:46:41.975Z] > authorizing via signed-in user (4nm21cs071@nmamit.in)
[info] 
     ######## #### ########  ######## ########     ###     ######  ########
     ##        ##  ##     ## ##       ##     ##  ##   ##  ##       ##
     ######    ##  ########  ######   ########  #########  ######  ######
     ##        ##  ##    ##  ##       ##     ## ##     ##       ## ##
     ##       #### ##     ## ######## ########  ##     ##  ######  ########

You're about to initialize a Firebase project in this directory:

  D:\Finacle Training\JavaScript\sem7notes

Before we get started, keep in mind:

  * You are initializing within an existing Firebase project directory

[info] 
=== Project Setup
[info] 
[info] First, let's associate this project directory with a Firebase project.
[info] You can create multiple project aliases by running firebase use --add, 
[info] but for now we'll just set up a default project.
[info] 
[debug] [2024-08-16T06:46:50.211Z] Using project from CLI flag: sem7notes-90251
[debug] [2024-08-16T06:46:50.215Z] >>> [apiv2][query] GET https://firebase.googleapis.com/v1beta1/projects/sem7notes-90251 [none]
[debug] [2024-08-16T06:46:50.877Z] <<< [apiv2][status] GET https://firebase.googleapis.com/v1beta1/projects/sem7notes-90251 200
[debug] [2024-08-16T06:46:50.878Z] <<< [apiv2][body] GET https://firebase.googleapis.com/v1beta1/projects/sem7notes-90251 {"projectId":"sem7notes-90251","projectNumber":"558010358290","displayName":"sem7notes","name":"projects/sem7notes-90251","resources":{"hostingSite":"sem7notes-90251"},"state":"ACTIVE","etag":"1_0e075d65-e028-49ee-aaf6-b7de154d3435"}
[info] i  Using project sem7notes-90251 (sem7notes) 
[info] 
=== Hosting Setup
[debug] [2024-08-16T06:46:50.883Z] >>> [apiv2][query] GET https://firebase.googleapis.com/v1beta1/projects/sem7notes-90251 [none]
[debug] [2024-08-16T06:46:51.224Z] <<< [apiv2][status] GET https://firebase.googleapis.com/v1beta1/projects/sem7notes-90251 200
[debug] [2024-08-16T06:46:51.224Z] <<< [apiv2][body] GET https://firebase.googleapis.com/v1beta1/projects/sem7notes-90251 {"projectId":"sem7notes-90251","projectNumber":"558010358290","displayName":"sem7notes","name":"projects/sem7notes-90251","resources":{"hostingSite":"sem7notes-90251"},"state":"ACTIVE","etag":"1_0e075d65-e028-49ee-aaf6-b7de154d3435"}
[info] 
[info] Your public directory is the folder (relative to your project directory) that
[info] will contain Hosting assets to be uploaded with firebase deploy. If you
[info] have a build process for your assets, use your build's output directory.
[info] 
